<?xml version="1.0" encoding="UTF-8" ?>
<testsuites>
  <testsuite errors="0" failures="0" hostname="Inprajaktv" id="0" name="PersonTest" package="Person" skipped="0" tests="4" time="0.112" timestamp="2014-01-23T04:13:52">
      <properties>
[...]
</properties>

      <testcase classname="Person.PersonTest" name="TestForCompareAgeUsingEqual" time="0.015" />

      <testcase classname="Person.PersonTest" name="TestForComparePersonNameLengthUsingEqual" time="0.001" />

      <testcase classname="Person.PersonTest" name="TestForCompareNameUsingEquals" time="0.0" />

      <testcase classname="Person.PersonTest" name="TestForCompareNameInReverseOrder" time="0.0" />

      <system-out><![CDATA[]]></system-out>

      <system-err><![CDATA[]]></system-err>

  </testsuite>
  <testsuite errors="0" failures="0" hostname="Inprajaktv" id="1" name="StringTest" package="StringTest" skipped="0" tests="6" time="0.097" timestamp="2014-01-23T04:13:54">
      <properties>
[...]
</properties>

      <testcase classname="StringTest.StringTest" name="TestForCheckStringConstructorAreEqual" time="0.001" />

      <testcase classname="StringTest.StringTest" name="TestForCheckLiteralsAreNotEqual" time="0.0" />

      <testcase classname="StringTest.StringTest" name="TestForCheckEqualityOfLiterals" time="0.0" />

      <testcase classname="StringTest.StringTest" name="TestForCheckStringConstructorAreNotEqual_" time="0.0" />

      <testcase classname="StringTest.StringTest" name="TestForCheckStringConstructorAndLiteralAreEqual" time="0.001" />

      <testcase classname="StringTest.StringTest" name="TestForCheckStringConstructorAndLiteralNotEqual" time="0.0" />

      <system-out><![CDATA[]]></system-out>

      <system-err><![CDATA[]]></system-err>

  </testsuite>
</testsuites>
